# JRE version: Java(TM) SE Runtime Environment (9.0+11) (build 9.0.1+11)
# Java VM: Java HotSpot(TM) 64-Bit Server VM (9.0.1+11, mixed mode, tiered, compressed oops, g1 gc, linux-amd64)
Heap:
 garbage-first heap   total 126976K, used 25296K [0x0000000085400000, 0x00000000855003e0, 0x0000000100000000)
  region size 1024K, 19 young (19456K), 3 survivors (3072K)
 Metaspace       used 24551K, capacity 27112K, committed 27388K, reserved 1073152K
  class space    used 3116K, capacity 3548K, committed 3580K, reserved 1048576K
GC Heap History (8 events):
Event: 2.805 GC heap before
{Heap before GC invocations=0 (full 0):
 garbage-first heap   total 126976K, used 14336K [0x0000000085400000, 0x00000000855003e0, 0x0000000100000000)
  region size 1024K, 14 young (14336K), 0 survivors (0K)
 Metaspace       used 14151K, capacity 15072K, committed 15360K, reserved 1062912K
  class space    used 1573K, capacity 1748K, committed 1792K, reserved 1048576K
}
Event: 2.828 GC heap after
{Heap after GC invocations=1 (full 0):
 garbage-first heap   total 126976K, used 4330K [0x0000000085400000, 0x00000000855003e0, 0x0000000100000000)
  region size 1024K, 2 young (2048K), 2 survivors (2048K)
 Metaspace       used 14151K, capacity 15072K, committed 15360K, reserved 1062912K
  class space    used 1573K, capacity 1748K, committed 1792K, reserved 1048576K
}
Event: 3.748 GC heap before
{Heap before GC invocations=1 (full 0):
 garbage-first heap   total 126976K, used 8426K [0x0000000085400000, 0x00000000855003e0, 0x0000000100000000)
  region size 1024K, 6 young (6144K), 2 survivors (2048K)
 Metaspace       used 17771K, capacity 18920K, committed 19200K, reserved 1067008K
  class space    used 2215K, capacity 2459K, committed 2560K, reserved 1048576K
}
Event: 3.781 GC heap after
{Heap after GC invocations=2 (full 0):
 garbage-first heap   total 126976K, used 5526K [0x0000000085400000, 0x00000000855003e0, 0x0000000100000000)
  region size 1024K, 1 young (1024K), 1 survivors (1024K)
 Metaspace       used 17771K, capacity 18920K, committed 19200K, reserved 1067008K
  class space    used 2215K, capacity 2459K, committed 2560K, reserved 1048576K
}
Event: 4.669 GC heap before
{Heap before GC invocations=2 (full 0):
 garbage-first heap   total 126976K, used 8598K [0x0000000085400000, 0x00000000855003e0, 0x0000000100000000)
  region size 1024K, 5 young (5120K), 1 survivors (1024K)
 Metaspace       used 19655K, capacity 21280K, committed 21296K, reserved 1067008K
  class space    used 2525K, capacity 2858K, committed 2864K, reserved 1048576K
}
Event: 4.679 GC heap after
{Heap after GC invocations=3 (full 0):
 garbage-first heap   total 126976K, used 6253K [0x0000000085400000, 0x00000000855003e0, 0x0000000100000000)
  region size 1024K, 2 young (2048K), 2 survivors (2048K)
 Metaspace       used 19655K, capacity 21280K, committed 21296K, reserved 1067008K
  class space    used 2525K, capacity 2858K, committed 2864K, reserved 1048576K
}
Event: 31.749 GC heap before
{Heap before GC invocations=4 (full 0):
 garbage-first heap   total 126976K, used 30829K [0x0000000085400000, 0x00000000855003e0, 0x0000000100000000)
  region size 1024K, 24 young (24576K), 2 survivors (2048K)
 Metaspace       used 24546K, capacity 27112K, committed 27388K, reserved 1073152K
  class space    used 3116K, capacity 3548K, committed 3580K, reserved 1048576K
}
Event: 31.774 GC heap after
{Heap after GC invocations=5 (full 0):
 garbage-first heap   total 126976K, used 9936K [0x0000000085400000, 0x00000000855003e0, 0x0000000100000000)
  region size 1024K, 3 young (3072K), 3 survivors (3072K)
 Metaspace       used 24546K, capacity 27112K, committed 27388K, reserved 1073152K
  class space    used 3116K, capacity 3548K, committed 3580K, reserved 1048576K
}

